{
  "RSpec": {
    "coverage": {
      "/Users/gchalikio/main/hub/public/rails-api/spec/auth/authenticate_user_spec.rb": [
        1,
        null,
        1,
        null,
        2,
        null,
        2,
        null,
        2,
        null,
        null,
        1,
        null,
        1,
        1,
        1,
        1,
        null,
        null,
        null,
        null,
        1,
        1,
        2,
        null,
        null,
        null,
        null,
        null,
        null,
        null,
        null
      ],
      "/Users/gchalikio/main/hub/public/rails-api/spec/rails_helper.rb": [
        null,
        1,
        1,
        null,
        1,
        1,
        1,
        null,
        1,
        null,
        null,
        null,
        null,
        null,
        null,
        null,
        null,
        null,
        null,
        null,
        null,
        null,
        3,
        null,
        null,
        null,
        1,
        null,
        1,
        1,
        1,
        1,
        null,
        null,
        null,
        1,
        null,
        1,
        null,
        null,
        null,
        null,
        1,
        null,
        1,
        null,
        1,
        1,
        1,
        null,
        null,
        1,
        34,
        34,
        null,
        null,
        null,
        null,
        null,
        null,
        null,
        null,
        null,
        null,
        null,
        null,
        null,
        null,
        null,
        1,
        null,
        1,
        1,
        null,
        1,
        null,
        null,
        null
      ],
      "/Users/gchalikio/main/hub/public/rails-api/config/environment.rb": [
        null,
        1,
        null,
        null,
        1
      ],
      "/Users/gchalikio/main/hub/public/rails-api/config/application.rb": [
        1,
        null,
        1,
        null,
        1,
        1,
        1,
        1,
        1,
        1,
        1,
        null,
        null,
        null,
        null,
        null,
        1,
        null,
        1,
        1,
        null,
        1,
        null,
        null,
        null,
        null,
        null,
        null,
        null,
        null,
        1,
        null,
        null
      ],
      "/Users/gchalikio/main/hub/public/rails-api/config/boot.rb": [
        1,
        null,
        1
      ],
      "/Users/gchalikio/main/hub/public/rails-api/config/environments/test.rb": [
        1,
        null,
        null,
        null,
        null,
        null,
        null,
        1,
        null,
        null,
        null,
        null,
        1,
        null,
        null,
        1,
        1,
        null,
        null,
        null,
        null,
        1,
        1,
        null,
        null,
        1,
        null,
        null,
        1,
        1,
        null,
        null,
        null,
        null,
        1,
        null,
        null,
        1,
        null,
        null,
        null,
        1,
        null
      ],
      "/Users/gchalikio/main/hub/public/rails-api/config/initializers/application_controller_renderer.rb": [
        null,
        null,
        null,
        null,
        null,
        null,
        null,
        null
      ],
      "/Users/gchalikio/main/hub/public/rails-api/config/initializers/backtrace_silencers.rb": [
        null,
        null,
        null,
        null,
        null,
        null,
        null
      ],
      "/Users/gchalikio/main/hub/public/rails-api/config/initializers/cors.rb": [
        null,
        null,
        null,
        null,
        null,
        null,
        null,
        null,
        null,
        null,
        null,
        null,
        null,
        null,
        null,
        null
      ],
      "/Users/gchalikio/main/hub/public/rails-api/config/initializers/filter_parameter_logging.rb": [
        null,
        null,
        null,
        1
      ],
      "/Users/gchalikio/main/hub/public/rails-api/config/initializers/inflections.rb": [
        null,
        null,
        null,
        null,
        null,
        null,
        null,
        null,
        null,
        null,
        null,
        null,
        null,
        null,
        null,
        null
      ],
      "/Users/gchalikio/main/hub/public/rails-api/config/initializers/mime_types.rb": [
        null,
        null,
        null,
        null
      ],
      "/Users/gchalikio/main/hub/public/rails-api/config/initializers/wrap_parameters.rb": [
        null,
        null,
        null,
        null,
        null,
        null,
        1,
        2,
        null,
        null,
        null,
        null,
        null,
        null
      ],
      "/Users/gchalikio/main/hub/public/rails-api/spec/factories/users.rb": [
        1,
        1,
        16,
        16,
        16,
        null,
        null
      ],
      "/Users/gchalikio/main/hub/public/rails-api/config/routes.rb": [
        1,
        1,
        null,
        1,
        1,
        null
      ],
      "/Users/gchalikio/main/hub/public/rails-api/spec/support/controller_spec_helper.rb": [
        1,
        null,
        1,
        10,
        null,
        null,
        null,
        1,
        1,
        null,
        null,
        null,
        1,
        null,
        null,
        null,
        7,
        null,
        null,
        null,
        1,
        null,
        null,
        null,
        0,
        null,
        null
      ],
      "/Users/gchalikio/main/hub/public/rails-api/spec/support/request_spec_helper.rb": [
        1,
        null,
        1,
        5,
        null,
        null
      ],
      "/Users/gchalikio/main/hub/public/rails-api/app/auth/authenticate_user.rb": [
        1,
        1,
        7,
        7,
        null,
        null,
        null,
        1,
        7,
        null,
        null,
        1,
        null,
        1,
        null,
        null,
        1,
        12,
        12,
        null,
        2,
        null,
        null
      ],
      "/Users/gchalikio/main/hub/public/rails-api/spec/auth/authorize_api_request_spec.rb": [
        1,
        null,
        1,
        null,
        3,
        null,
        2,
        null,
        2,
        null,
        2,
        null,
        null,
        null,
        1,
        null,
        1,
        1,
        1,
        1,
        null,
        null,
        null,
        null,
        1,
        1,
        1,
        2,
        null,
        null,
        null,
        null,
        1,
        1,
        null,
        1,
        null,
        null,
        1,
        2,
        null,
        null,
        null,
        null,
        1,
        2,
        2,
        null,
        1,
        2,
        null,
        null,
        null,
        null,
        null,
        null,
        null,
        1,
        2,
        2,
        null,
        1,
        2,
        null,
        null,
        null,
        null,
        null,
        null,
        null,
        null,
        null
      ],
      "/Users/gchalikio/main/hub/public/rails-api/app/auth/authorize_api_request.rb": [
        1,
        1,
        7,
        null,
        null,
        null,
        1,
        null,
        null,
        7,
        null,
        null,
        1,
        null,
        1,
        null,
        1,
        null,
        null,
        7,
        null,
        null,
        null,
        1,
        null,
        1,
        null,
        null,
        null,
        null,
        1,
        10,
        null,
        null,
        null,
        1,
        7,
        5,
        null,
        2,
        null,
        null
      ],
      "/Users/gchalikio/main/hub/public/rails-api/spec/controllers/application_controller_spec.rb": [
        1,
        null,
        1,
        null,
        3,
        null,
        2,
        2,
        null,
        1,
        1,
        2,
        null,
        null,
        1,
        2,
        null,
        null,
        null,
        1,
        1,
        1,
        null,
        null,
        1,
        3,
        null,
        null,
        null,
        null,
        null
      ],
      "/Users/gchalikio/main/hub/public/rails-api/app/controllers/application_controller.rb": [
        1,
        1,
        1,
        null,
        null,
        1,
        1,
        null,
        1,
        null,
        null,
        1,
        2,
        null,
        null
      ],
      "/Users/gchalikio/main/hub/public/rails-api/app/controllers/concerns/response.rb": [
        1,
        1,
        4,
        null,
        null
      ],
      "/Users/gchalikio/main/hub/public/rails-api/app/controllers/concerns/exception_handler.rb": [
        1,
        1,
        null,
        null,
        1,
        1,
        1,
        null,
        1,
        null,
        1,
        1,
        1,
        1,
        null,
        1,
        0,
        null,
        null,
        null,
        1,
        null,
        null,
        1,
        2,
        null,
        null,
        null,
        1,
        1,
        null,
        null
      ],
      "/Users/gchalikio/main/hub/public/rails-api/spec/controllers/authentication_controller_spec.rb": [
        1,
        null,
        1,
        null,
        null
      ],
      "/Users/gchalikio/main/hub/public/rails-api/app/controllers/authentication_controller.rb": [
        1,
        1,
        null,
        null,
        1,
        2,
        null,
        1,
        null,
        null,
        1,
        null,
        1,
        4,
        null,
        null
      ],
      "/Users/gchalikio/main/hub/public/rails-api/spec/controllers/users_controller_spec.rb": [
        1,
        null,
        null,
        null,
        null,
        null,
        null,
        null,
        null,
        null,
        null,
        null,
        null,
        null,
        null,
        null,
        null,
        null,
        null,
        null,
        null,
        null,
        null,
        null,
        null,
        1,
        null,
        null,
        null,
        null,
        1,
        8,
        null,
        null,
        1,
        1,
        null,
        null,
        null,
        null,
        null,
        1,
        null,
        1,
        1,
        1,
        0,
        0,
        null,
        null,
        null,
        1,
        1,
        1,
        0,
        0,
        null,
        null,
        null,
        1,
        1,
        1,
        1,
        1,
        null,
        null,
        null,
        1,
        null,
        1,
        0,
        0,
        0,
        null,
        null,
        null,
        1,
        1,
        null,
        1,
        0,
        0,
        null,
        null,
        null,
        null,
        1,
        1,
        1,
        0,
        null,
        null,
        1,
        1,
        0,
        0,
        0,
        null,
        null,
        1,
        1,
        null,
        0,
        0,
        0,
        null,
        null,
        null,
        1,
        1,
        1,
        null,
        0,
        0,
        0,
        null,
        null,
        null,
        null,
        1,
        1,
        1,
        0,
        0,
        null,
        null,
        null,
        null,
        null
      ],
      "/Users/gchalikio/main/hub/public/rails-api/app/controllers/users_controller.rb": [
        1,
        1,
        1,
        null,
        null,
        1,
        0,
        null,
        0,
        null,
        null,
        null,
        1,
        0,
        null,
        null,
        null,
        null,
        null,
        1,
        5,
        3,
        null,
        3,
        null,
        3,
        3,
        null,
        0,
        null,
        null,
        null,
        null,
        1,
        0,
        0,
        null,
        0,
        null,
        null,
        null,
        null,
        1,
        0,
        null,
        null,
        1,
        null,
        1,
        0,
        null,
        null,
        null,
        1,
        5,
        null,
        null
      ],
      "/Users/gchalikio/main/hub/public/rails-api/spec/models/user_spec.rb": [
        1,
        null,
        null,
        1,
        null,
        null,
        null,
        null,
        null,
        null,
        2,
        2,
        2,
        null
      ],
      "/Users/gchalikio/main/hub/public/rails-api/app/models/user.rb": [
        1,
        null,
        1,
        null,
        null,
        1,
        1,
        null
      ],
      "/Users/gchalikio/main/hub/public/rails-api/app/models/application_record.rb": [
        1,
        1,
        null
      ],
      "/Users/gchalikio/main/hub/public/rails-api/spec/requests/authentication_spec.rb": [
        1,
        null,
        1,
        null,
        1,
        null,
        3,
        null,
        3,
        null,
        1,
        null,
        null,
        null,
        1,
        null,
        1,
        null,
        null,
        null,
        1,
        null,
        null,
        null,
        null,
        null,
        null,
        1,
        2,
        null,
        1,
        1,
        null,
        null,
        null,
        null,
        1,
        2,
        null,
        1,
        1,
        null,
        null,
        null,
        null
      ],
      "/Users/gchalikio/main/hub/public/rails-api/spec/requests/users_spec.rb": [
        1,
        null,
        1,
        6,
        6,
        1,
        3,
        null,
        null,
        null,
        1,
        1,
        4,
        null,
        1,
        1,
        null,
        null,
        1,
        1,
        null,
        null,
        1,
        1,
        null,
        null,
        null,
        1,
        3,
        null,
        1,
        1,
        null,
        null,
        1,
        1,
        null,
        null,
        null,
        null,
        null
      ],
      "/Users/gchalikio/main/hub/public/rails-api/spec/routing/users_routing_spec.rb": [
        1,
        null,
        1,
        1,
        1,
        1,
        null,
        null,
        1,
        1,
        null,
        null,
        null,
        1,
        1,
        null,
        null,
        1,
        1,
        null,
        null,
        1,
        1,
        null,
        null,
        1,
        1,
        null,
        null,
        null
      ],
      "/Users/gchalikio/main/hub/public/rails-api/app/lib/json_web_token.rb": [
        1,
        null,
        1,
        null,
        1,
        null,
        16,
        null,
        16,
        null,
        null,
        1,
        null,
        5,
        3,
        null,
        null,
        null,
        2,
        null,
        null
      ],
      "/Users/gchalikio/main/hub/public/rails-api/app/lib/message.rb": [
        1,
        1,
        0,
        null,
        null,
        1,
        2,
        null,
        null,
        1,
        1,
        null,
        null,
        1,
        2,
        null,
        null,
        1,
        0,
        null,
        null,
        1,
        3,
        null,
        null,
        1,
        0,
        null,
        null,
        1,
        0,
        null,
        null
      ]
    },
    "timestamp": 1556895472
  }
}
